[11-May-2017 19:43:25 UTC] PHP Warning:  include(db.php): failed to open stream: No such file or directory in /home/ubuntu/workspace/api/access_token.php on line 5
[11-May-2017 19:43:25 UTC] PHP Stack trace:
[11-May-2017 19:43:25 UTC] PHP   1. {main}() /home/ubuntu/workspace/api/get_user.php:0
[11-May-2017 19:43:25 UTC] PHP   2. access_token_check() /home/ubuntu/workspace/api/get_user.php:7
[11-May-2017 19:43:25 UTC] PHP Warning:  include(): Failed opening 'db.php' for inclusion (include_path='.:/usr/share/php:/usr/share/pear') in /home/ubuntu/workspace/api/access_token.php on line 5
[11-May-2017 19:43:25 UTC] PHP Stack trace:
[11-May-2017 19:43:25 UTC] PHP   1. {main}() /home/ubuntu/workspace/api/get_user.php:0
[11-May-2017 19:43:25 UTC] PHP   2. access_token_check() /home/ubuntu/workspace/api/get_user.php:7
[11-May-2017 19:43:25 UTC] PHP Warning:  mysql_query() expects parameter 2 to be resource, null given in /home/ubuntu/workspace/api/access_token.php on line 6
[11-May-2017 19:43:25 UTC] PHP Stack trace:
[11-May-2017 19:43:25 UTC] PHP   1. {main}() /home/ubuntu/workspace/api/get_user.php:0
[11-May-2017 19:43:25 UTC] PHP   2. access_token_check() /home/ubuntu/workspace/api/get_user.php:7
[11-May-2017 19:43:25 UTC] PHP   3. mysql_query() /home/ubuntu/workspace/api/access_token.php:6
[11-May-2017 19:44:06 UTC] PHP Warning:  include(db.php): failed to open stream: No such file or directory in /home/ubuntu/workspace/api/get_user.php on line 4
[11-May-2017 19:44:06 UTC] PHP Stack trace:
[11-May-2017 19:44:06 UTC] PHP   1. {main}() /home/ubuntu/workspace/api/get_user.php:0
[11-May-2017 19:44:06 UTC] PHP Warning:  include(): Failed opening 'db.php' for inclusion (include_path='.:/usr/share/php:/usr/share/pear') in /home/ubuntu/workspace/api/get_user.php on line 4
[11-May-2017 19:44:06 UTC] PHP Stack trace:
[11-May-2017 19:44:06 UTC] PHP   1. {main}() /home/ubuntu/workspace/api/get_user.php:0
[11-May-2017 19:44:06 UTC] PHP Warning:  include(function.php): failed to open stream: No such file or directory in /home/ubuntu/workspace/api/get_user.php on line 5
[11-May-2017 19:44:06 UTC] PHP Stack trace:
[11-May-2017 19:44:06 UTC] PHP   1. {main}() /home/ubuntu/workspace/api/get_user.php:0
[11-May-2017 19:44:06 UTC] PHP Warning:  include(): Failed opening 'function.php' for inclusion (include_path='.:/usr/share/php:/usr/share/pear') in /home/ubuntu/workspace/api/get_user.php on line 5
[11-May-2017 19:44:06 UTC] PHP Stack trace:
[11-May-2017 19:44:06 UTC] PHP   1. {main}() /home/ubuntu/workspace/api/get_user.php:0
[11-May-2017 19:44:06 UTC] PHP Fatal error:  Call to undefined function clear_string() in /home/ubuntu/workspace/api/get_user.php on line 6
[11-May-2017 19:44:06 UTC] PHP Stack trace:
[11-May-2017 19:44:06 UTC] PHP   1. {main}() /home/ubuntu/workspace/api/get_user.php:0
[11-May-2017 19:45:45 UTC] PHP Warning:  include(db.php): failed to open stream: No such file or directory in /home/ubuntu/workspace/api/access_token.php on line 5
[11-May-2017 19:45:45 UTC] PHP Stack trace:
[11-May-2017 19:45:45 UTC] PHP   1. {main}() /home/ubuntu/workspace/api/get_user.php:0
[11-May-2017 19:45:45 UTC] PHP   2. access_token_check() /home/ubuntu/workspace/api/get_user.php:7
[11-May-2017 19:45:45 UTC] PHP Warning:  include(): Failed opening 'db.php' for inclusion (include_path='.:/usr/share/php:/usr/share/pear') in /home/ubuntu/workspace/api/access_token.php on line 5
[11-May-2017 19:45:45 UTC] PHP Stack trace:
[11-May-2017 19:45:45 UTC] PHP   1. {main}() /home/ubuntu/workspace/api/get_user.php:0
[11-May-2017 19:45:45 UTC] PHP   2. access_token_check() /home/ubuntu/workspace/api/get_user.php:7
[11-May-2017 19:45:45 UTC] PHP Warning:  mysql_query() expects parameter 2 to be resource, null given in /home/ubuntu/workspace/api/access_token.php on line 6
[11-May-2017 19:45:45 UTC] PHP Stack trace:
[11-May-2017 19:45:45 UTC] PHP   1. {main}() /home/ubuntu/workspace/api/get_user.php:0
[11-May-2017 19:45:45 UTC] PHP   2. access_token_check() /home/ubuntu/workspace/api/get_user.php:7
[11-May-2017 19:45:45 UTC] PHP   3. mysql_query() /home/ubuntu/workspace/api/access_token.php:6
[11-May-2017 19:46:09 UTC] PHP Warning:  include(db.php): failed to open stream: No such file or directory in /home/ubuntu/workspace/api/access_token.php on line 5
[11-May-2017 19:46:09 UTC] PHP Stack trace:
[11-May-2017 19:46:09 UTC] PHP   1. {main}() /home/ubuntu/workspace/api/get_user.php:0
[11-May-2017 19:46:09 UTC] PHP   2. access_token_check() /home/ubuntu/workspace/api/get_user.php:7
[11-May-2017 19:46:09 UTC] PHP Warning:  include(): Failed opening 'db.php' for inclusion (include_path='.:/usr/share/php:/usr/share/pear') in /home/ubuntu/workspace/api/access_token.php on line 5
[11-May-2017 19:46:09 UTC] PHP Stack trace:
[11-May-2017 19:46:09 UTC] PHP   1. {main}() /home/ubuntu/workspace/api/get_user.php:0
[11-May-2017 19:46:09 UTC] PHP   2. access_token_check() /home/ubuntu/workspace/api/get_user.php:7
[11-May-2017 19:46:09 UTC] PHP Warning:  mysql_query() expects parameter 2 to be resource, null given in /home/ubuntu/workspace/api/access_token.php on line 6
[11-May-2017 19:46:09 UTC] PHP Stack trace:
[11-May-2017 19:46:09 UTC] PHP   1. {main}() /home/ubuntu/workspace/api/get_user.php:0
[11-May-2017 19:46:09 UTC] PHP   2. access_token_check() /home/ubuntu/workspace/api/get_user.php:7
[11-May-2017 19:46:09 UTC] PHP   3. mysql_query() /home/ubuntu/workspace/api/access_token.php:6
[11-May-2017 19:53:53 UTC] PHP Warning:  include(db.php): failed to open stream: No such file or directory in /home/ubuntu/workspace/api/access_token.php on line 5
[11-May-2017 19:53:53 UTC] PHP Stack trace:
[11-May-2017 19:53:53 UTC] PHP   1. {main}() /home/ubuntu/workspace/api/get_user.php:0
[11-May-2017 19:53:53 UTC] PHP   2. access_token_check() /home/ubuntu/workspace/api/get_user.php:7
[11-May-2017 19:53:53 UTC] PHP Warning:  include(): Failed opening 'db.php' for inclusion (include_path='.:/usr/share/php:/usr/share/pear') in /home/ubuntu/workspace/api/access_token.php on line 5
[11-May-2017 19:53:53 UTC] PHP Stack trace:
[11-May-2017 19:53:53 UTC] PHP   1. {main}() /home/ubuntu/workspace/api/get_user.php:0
[11-May-2017 19:53:53 UTC] PHP   2. access_token_check() /home/ubuntu/workspace/api/get_user.php:7
[11-May-2017 19:53:53 UTC] PHP Warning:  mysql_query() expects parameter 2 to be resource, null given in /home/ubuntu/workspace/api/access_token.php on line 6
[11-May-2017 19:53:53 UTC] PHP Stack trace:
[11-May-2017 19:53:53 UTC] PHP   1. {main}() /home/ubuntu/workspace/api/get_user.php:0
[11-May-2017 19:53:53 UTC] PHP   2. access_token_check() /home/ubuntu/workspace/api/get_user.php:7
[11-May-2017 19:53:53 UTC] PHP   3. mysql_query() /home/ubuntu/workspace/api/access_token.php:6
[11-May-2017 19:53:54 UTC] PHP Warning:  include(db.php): failed to open stream: No such file or directory in /home/ubuntu/workspace/api/access_token.php on line 5
[11-May-2017 19:53:54 UTC] PHP Stack trace:
[11-May-2017 19:53:54 UTC] PHP   1. {main}() /home/ubuntu/workspace/api/get_user.php:0
[11-May-2017 19:53:54 UTC] PHP   2. access_token_check() /home/ubuntu/workspace/api/get_user.php:7
[11-May-2017 19:53:54 UTC] PHP Warning:  include(): Failed opening 'db.php' for inclusion (include_path='.:/usr/share/php:/usr/share/pear') in /home/ubuntu/workspace/api/access_token.php on line 5
[11-May-2017 19:53:54 UTC] PHP Stack trace:
[11-May-2017 19:53:54 UTC] PHP   1. {main}() /home/ubuntu/workspace/api/get_user.php:0
[11-May-2017 19:53:54 UTC] PHP   2. access_token_check() /home/ubuntu/workspace/api/get_user.php:7
[11-May-2017 19:53:54 UTC] PHP Warning:  mysql_query() expects parameter 2 to be resource, null given in /home/ubuntu/workspace/api/access_token.php on line 6
[11-May-2017 19:53:54 UTC] PHP Stack trace:
[11-May-2017 19:53:54 UTC] PHP   1. {main}() /home/ubuntu/workspace/api/get_user.php:0
[11-May-2017 19:53:54 UTC] PHP   2. access_token_check() /home/ubuntu/workspace/api/get_user.php:7
[11-May-2017 19:53:54 UTC] PHP   3. mysql_query() /home/ubuntu/workspace/api/access_token.php:6
[11-May-2017 19:53:54 UTC] PHP Warning:  include(db.php): failed to open stream: No such file or directory in /home/ubuntu/workspace/api/access_token.php on line 5
[11-May-2017 19:53:54 UTC] PHP Stack trace:
[11-May-2017 19:53:54 UTC] PHP   1. {main}() /home/ubuntu/workspace/api/get_user.php:0
[11-May-2017 19:53:54 UTC] PHP   2. access_token_check() /home/ubuntu/workspace/api/get_user.php:7
[11-May-2017 19:53:54 UTC] PHP Warning:  include(): Failed opening 'db.php' for inclusion (include_path='.:/usr/share/php:/usr/share/pear') in /home/ubuntu/workspace/api/access_token.php on line 5
[11-May-2017 19:53:54 UTC] PHP Stack trace:
[11-May-2017 19:53:54 UTC] PHP   1. {main}() /home/ubuntu/workspace/api/get_user.php:0
[11-May-2017 19:53:54 UTC] PHP   2. access_token_check() /home/ubuntu/workspace/api/get_user.php:7
[11-May-2017 19:53:54 UTC] PHP Warning:  mysql_query() expects parameter 2 to be resource, null given in /home/ubuntu/workspace/api/access_token.php on line 6
[11-May-2017 19:53:54 UTC] PHP Stack trace:
[11-May-2017 19:53:54 UTC] PHP   1. {main}() /home/ubuntu/workspace/api/get_user.php:0
[11-May-2017 19:53:54 UTC] PHP   2. access_token_check() /home/ubuntu/workspace/api/get_user.php:7
[11-May-2017 19:53:54 UTC] PHP   3. mysql_query() /home/ubuntu/workspace/api/access_token.php:6
[11-May-2017 19:53:55 UTC] PHP Warning:  include(db.php): failed to open stream: No such file or directory in /home/ubuntu/workspace/api/access_token.php on line 5
[11-May-2017 19:53:55 UTC] PHP Stack trace:
[11-May-2017 19:53:55 UTC] PHP   1. {main}() /home/ubuntu/workspace/api/get_user.php:0
[11-May-2017 19:53:55 UTC] PHP   2. access_token_check() /home/ubuntu/workspace/api/get_user.php:7
[11-May-2017 19:53:55 UTC] PHP Warning:  include(): Failed opening 'db.php' for inclusion (include_path='.:/usr/share/php:/usr/share/pear') in /home/ubuntu/workspace/api/access_token.php on line 5
[11-May-2017 19:53:55 UTC] PHP Stack trace:
[11-May-2017 19:53:55 UTC] PHP   1. {main}() /home/ubuntu/workspace/api/get_user.php:0
[11-May-2017 19:53:55 UTC] PHP   2. access_token_check() /home/ubuntu/workspace/api/get_user.php:7
[11-May-2017 19:53:55 UTC] PHP Warning:  mysql_query() expects parameter 2 to be resource, null given in /home/ubuntu/workspace/api/access_token.php on line 6
[11-May-2017 19:53:55 UTC] PHP Stack trace:
[11-May-2017 19:53:55 UTC] PHP   1. {main}() /home/ubuntu/workspace/api/get_user.php:0
[11-May-2017 19:53:55 UTC] PHP   2. access_token_check() /home/ubuntu/workspace/api/get_user.php:7
[11-May-2017 19:53:55 UTC] PHP   3. mysql_query() /home/ubuntu/workspace/api/access_token.php:6
[11-May-2017 19:53:55 UTC] PHP Warning:  include(db.php): failed to open stream: No such file or directory in /home/ubuntu/workspace/api/access_token.php on line 5
[11-May-2017 19:53:55 UTC] PHP Stack trace:
[11-May-2017 19:53:55 UTC] PHP   1. {main}() /home/ubuntu/workspace/api/get_user.php:0
[11-May-2017 19:53:55 UTC] PHP   2. access_token_check() /home/ubuntu/workspace/api/get_user.php:7
[11-May-2017 19:53:55 UTC] PHP Warning:  include(): Failed opening 'db.php' for inclusion (include_path='.:/usr/share/php:/usr/share/pear') in /home/ubuntu/workspace/api/access_token.php on line 5
[11-May-2017 19:53:55 UTC] PHP Stack trace:
[11-May-2017 19:53:55 UTC] PHP   1. {main}() /home/ubuntu/workspace/api/get_user.php:0
[11-May-2017 19:53:55 UTC] PHP   2. access_token_check() /home/ubuntu/workspace/api/get_user.php:7
[11-May-2017 19:53:55 UTC] PHP Warning:  mysql_query() expects parameter 2 to be resource, null given in /home/ubuntu/workspace/api/access_token.php on line 6
[11-May-2017 19:53:55 UTC] PHP Stack trace:
[11-May-2017 19:53:55 UTC] PHP   1. {main}() /home/ubuntu/workspace/api/get_user.php:0
[11-May-2017 19:53:55 UTC] PHP   2. access_token_check() /home/ubuntu/workspace/api/get_user.php:7
[11-May-2017 19:53:55 UTC] PHP   3. mysql_query() /home/ubuntu/workspace/api/access_token.php:6
[11-May-2017 19:53:55 UTC] PHP Warning:  include(db.php): failed to open stream: No such file or directory in /home/ubuntu/workspace/api/access_token.php on line 5
[11-May-2017 19:53:55 UTC] PHP Stack trace:
[11-May-2017 19:53:55 UTC] PHP   1. {main}() /home/ubuntu/workspace/api/get_user.php:0
[11-May-2017 19:53:55 UTC] PHP   2. access_token_check() /home/ubuntu/workspace/api/get_user.php:7
[11-May-2017 19:53:55 UTC] PHP Warning:  include(): Failed opening 'db.php' for inclusion (include_path='.:/usr/share/php:/usr/share/pear') in /home/ubuntu/workspace/api/access_token.php on line 5
[11-May-2017 19:53:55 UTC] PHP Stack trace:
[11-May-2017 19:53:55 UTC] PHP   1. {main}() /home/ubuntu/workspace/api/get_user.php:0
[11-May-2017 19:53:55 UTC] PHP   2. access_token_check() /home/ubuntu/workspace/api/get_user.php:7
[11-May-2017 19:53:55 UTC] PHP Warning:  mysql_query() expects parameter 2 to be resource, null given in /home/ubuntu/workspace/api/access_token.php on line 6
[11-May-2017 19:53:55 UTC] PHP Stack trace:
[11-May-2017 19:53:55 UTC] PHP   1. {main}() /home/ubuntu/workspace/api/get_user.php:0
[11-May-2017 19:53:55 UTC] PHP   2. access_token_check() /home/ubuntu/workspace/api/get_user.php:7
[11-May-2017 19:53:55 UTC] PHP   3. mysql_query() /home/ubuntu/workspace/api/access_token.php:6
[11-May-2017 19:53:55 UTC] PHP Warning:  include(db.php): failed to open stream: No such file or directory in /home/ubuntu/workspace/api/access_token.php on line 5
[11-May-2017 19:53:55 UTC] PHP Stack trace:
[11-May-2017 19:53:55 UTC] PHP   1. {main}() /home/ubuntu/workspace/api/get_user.php:0
[11-May-2017 19:53:55 UTC] PHP   2. access_token_check() /home/ubuntu/workspace/api/get_user.php:7
[11-May-2017 19:53:55 UTC] PHP Warning:  include(): Failed opening 'db.php' for inclusion (include_path='.:/usr/share/php:/usr/share/pear') in /home/ubuntu/workspace/api/access_token.php on line 5
[11-May-2017 19:53:55 UTC] PHP Stack trace:
[11-May-2017 19:53:55 UTC] PHP   1. {main}() /home/ubuntu/workspace/api/get_user.php:0
[11-May-2017 19:53:55 UTC] PHP   2. access_token_check() /home/ubuntu/workspace/api/get_user.php:7
[11-May-2017 19:53:55 UTC] PHP Warning:  mysql_query() expects parameter 2 to be resource, null given in /home/ubuntu/workspace/api/access_token.php on line 6
[11-May-2017 19:53:55 UTC] PHP Stack trace:
[11-May-2017 19:53:55 UTC] PHP   1. {main}() /home/ubuntu/workspace/api/get_user.php:0
[11-May-2017 19:53:55 UTC] PHP   2. access_token_check() /home/ubuntu/workspace/api/get_user.php:7
[11-May-2017 19:53:55 UTC] PHP   3. mysql_query() /home/ubuntu/workspace/api/access_token.php:6
[11-May-2017 19:53:55 UTC] PHP Warning:  include(db.php): failed to open stream: No such file or directory in /home/ubuntu/workspace/api/access_token.php on line 5
[11-May-2017 19:53:55 UTC] PHP Stack trace:
[11-May-2017 19:53:55 UTC] PHP   1. {main}() /home/ubuntu/workspace/api/get_user.php:0
[11-May-2017 19:53:55 UTC] PHP   2. access_token_check() /home/ubuntu/workspace/api/get_user.php:7
[11-May-2017 19:53:55 UTC] PHP Warning:  include(): Failed opening 'db.php' for inclusion (include_path='.:/usr/share/php:/usr/share/pear') in /home/ubuntu/workspace/api/access_token.php on line 5
[11-May-2017 19:53:55 UTC] PHP Stack trace:
[11-May-2017 19:53:55 UTC] PHP   1. {main}() /home/ubuntu/workspace/api/get_user.php:0
[11-May-2017 19:53:55 UTC] PHP   2. access_token_check() /home/ubuntu/workspace/api/get_user.php:7
[11-May-2017 19:53:55 UTC] PHP Warning:  mysql_query() expects parameter 2 to be resource, null given in /home/ubuntu/workspace/api/access_token.php on line 6
[11-May-2017 19:53:55 UTC] PHP Stack trace:
[11-May-2017 19:53:55 UTC] PHP   1. {main}() /home/ubuntu/workspace/api/get_user.php:0
[11-May-2017 19:53:55 UTC] PHP   2. access_token_check() /home/ubuntu/workspace/api/get_user.php:7
[11-May-2017 19:53:55 UTC] PHP   3. mysql_query() /home/ubuntu/workspace/api/access_token.php:6
[11-May-2017 19:53:55 UTC] PHP Warning:  include(db.php): failed to open stream: No such file or directory in /home/ubuntu/workspace/api/access_token.php on line 5
[11-May-2017 19:53:55 UTC] PHP Stack trace:
[11-May-2017 19:53:55 UTC] PHP   1. {main}() /home/ubuntu/workspace/api/get_user.php:0
[11-May-2017 19:53:55 UTC] PHP   2. access_token_check() /home/ubuntu/workspace/api/get_user.php:7
[11-May-2017 19:53:55 UTC] PHP Warning:  include(): Failed opening 'db.php' for inclusion (include_path='.:/usr/share/php:/usr/share/pear') in /home/ubuntu/workspace/api/access_token.php on line 5
[11-May-2017 19:53:55 UTC] PHP Stack trace:
[11-May-2017 19:53:55 UTC] PHP   1. {main}() /home/ubuntu/workspace/api/get_user.php:0
[11-May-2017 19:53:55 UTC] PHP   2. access_token_check() /home/ubuntu/workspace/api/get_user.php:7
[11-May-2017 19:53:55 UTC] PHP Warning:  mysql_query() expects parameter 2 to be resource, null given in /home/ubuntu/workspace/api/access_token.php on line 6
[11-May-2017 19:53:55 UTC] PHP Stack trace:
[11-May-2017 19:53:55 UTC] PHP   1. {main}() /home/ubuntu/workspace/api/get_user.php:0
[11-May-2017 19:53:55 UTC] PHP   2. access_token_check() /home/ubuntu/workspace/api/get_user.php:7
[11-May-2017 19:53:55 UTC] PHP   3. mysql_query() /home/ubuntu/workspace/api/access_token.php:6
[11-May-2017 19:53:55 UTC] PHP Warning:  include(db.php): failed to open stream: No such file or directory in /home/ubuntu/workspace/api/access_token.php on line 5
[11-May-2017 19:53:55 UTC] PHP Stack trace:
[11-May-2017 19:53:55 UTC] PHP   1. {main}() /home/ubuntu/workspace/api/get_user.php:0
[11-May-2017 19:53:55 UTC] PHP   2. access_token_check() /home/ubuntu/workspace/api/get_user.php:7
[11-May-2017 19:53:55 UTC] PHP Warning:  include(): Failed opening 'db.php' for inclusion (include_path='.:/usr/share/php:/usr/share/pear') in /home/ubuntu/workspace/api/access_token.php on line 5
[11-May-2017 19:53:55 UTC] PHP Stack trace:
[11-May-2017 19:53:55 UTC] PHP   1. {main}() /home/ubuntu/workspace/api/get_user.php:0
[11-May-2017 19:53:55 UTC] PHP   2. access_token_check() /home/ubuntu/workspace/api/get_user.php:7
[11-May-2017 19:53:55 UTC] PHP Warning:  mysql_query() expects parameter 2 to be resource, null given in /home/ubuntu/workspace/api/access_token.php on line 6
[11-May-2017 19:53:55 UTC] PHP Stack trace:
[11-May-2017 19:53:55 UTC] PHP   1. {main}() /home/ubuntu/workspace/api/get_user.php:0
[11-May-2017 19:53:55 UTC] PHP   2. access_token_check() /home/ubuntu/workspace/api/get_user.php:7
[11-May-2017 19:53:55 UTC] PHP   3. mysql_query() /home/ubuntu/workspace/api/access_token.php:6
[11-May-2017 19:53:56 UTC] PHP Warning:  include(db.php): failed to open stream: No such file or directory in /home/ubuntu/workspace/api/access_token.php on line 5
[11-May-2017 19:53:56 UTC] PHP Stack trace:
[11-May-2017 19:53:56 UTC] PHP   1. {main}() /home/ubuntu/workspace/api/get_user.php:0
[11-May-2017 19:53:56 UTC] PHP   2. access_token_check() /home/ubuntu/workspace/api/get_user.php:7
[11-May-2017 19:53:56 UTC] PHP Warning:  include(): Failed opening 'db.php' for inclusion (include_path='.:/usr/share/php:/usr/share/pear') in /home/ubuntu/workspace/api/access_token.php on line 5
[11-May-2017 19:53:56 UTC] PHP Stack trace:
[11-May-2017 19:53:56 UTC] PHP   1. {main}() /home/ubuntu/workspace/api/get_user.php:0
[11-May-2017 19:53:56 UTC] PHP   2. access_token_check() /home/ubuntu/workspace/api/get_user.php:7
[11-May-2017 19:53:56 UTC] PHP Warning:  mysql_query() expects parameter 2 to be resource, null given in /home/ubuntu/workspace/api/access_token.php on line 6
[11-May-2017 19:53:56 UTC] PHP Stack trace:
[11-May-2017 19:53:56 UTC] PHP   1. {main}() /home/ubuntu/workspace/api/get_user.php:0
[11-May-2017 19:53:56 UTC] PHP   2. access_token_check() /home/ubuntu/workspace/api/get_user.php:7
[11-May-2017 19:53:56 UTC] PHP   3. mysql_query() /home/ubuntu/workspace/api/access_token.php:6
[11-May-2017 19:53:56 UTC] PHP Warning:  include(db.php): failed to open stream: No such file or directory in /home/ubuntu/workspace/api/access_token.php on line 5
[11-May-2017 19:53:56 UTC] PHP Stack trace:
[11-May-2017 19:53:56 UTC] PHP   1. {main}() /home/ubuntu/workspace/api/get_user.php:0
[11-May-2017 19:53:56 UTC] PHP   2. access_token_check() /home/ubuntu/workspace/api/get_user.php:7
[11-May-2017 19:53:56 UTC] PHP Warning:  include(): Failed opening 'db.php' for inclusion (include_path='.:/usr/share/php:/usr/share/pear') in /home/ubuntu/workspace/api/access_token.php on line 5
[11-May-2017 19:53:56 UTC] PHP Stack trace:
[11-May-2017 19:53:56 UTC] PHP   1. {main}() /home/ubuntu/workspace/api/get_user.php:0
[11-May-2017 19:53:56 UTC] PHP   2. access_token_check() /home/ubuntu/workspace/api/get_user.php:7
[11-May-2017 19:53:56 UTC] PHP Warning:  mysql_query() expects parameter 2 to be resource, null given in /home/ubuntu/workspace/api/access_token.php on line 6
[11-May-2017 19:53:56 UTC] PHP Stack trace:
[11-May-2017 19:53:56 UTC] PHP   1. {main}() /home/ubuntu/workspace/api/get_user.php:0
[11-May-2017 19:53:56 UTC] PHP   2. access_token_check() /home/ubuntu/workspace/api/get_user.php:7
[11-May-2017 19:53:56 UTC] PHP   3. mysql_query() /home/ubuntu/workspace/api/access_token.php:6
[11-May-2017 19:53:56 UTC] PHP Warning:  include(db.php): failed to open stream: No such file or directory in /home/ubuntu/workspace/api/access_token.php on line 5
[11-May-2017 19:53:56 UTC] PHP Stack trace:
[11-May-2017 19:53:56 UTC] PHP   1. {main}() /home/ubuntu/workspace/api/get_user.php:0
[11-May-2017 19:53:56 UTC] PHP   2. access_token_check() /home/ubuntu/workspace/api/get_user.php:7
[11-May-2017 19:53:56 UTC] PHP Warning:  include(): Failed opening 'db.php' for inclusion (include_path='.:/usr/share/php:/usr/share/pear') in /home/ubuntu/workspace/api/access_token.php on line 5
[11-May-2017 19:53:56 UTC] PHP Stack trace:
[11-May-2017 19:53:56 UTC] PHP   1. {main}() /home/ubuntu/workspace/api/get_user.php:0
[11-May-2017 19:53:56 UTC] PHP   2. access_token_check() /home/ubuntu/workspace/api/get_user.php:7
[11-May-2017 19:53:56 UTC] PHP Warning:  mysql_query() expects parameter 2 to be resource, null given in /home/ubuntu/workspace/api/access_token.php on line 6
[11-May-2017 19:53:56 UTC] PHP Stack trace:
[11-May-2017 19:53:56 UTC] PHP   1. {main}() /home/ubuntu/workspace/api/get_user.php:0
[11-May-2017 19:53:56 UTC] PHP   2. access_token_check() /home/ubuntu/workspace/api/get_user.php:7
[11-May-2017 19:53:56 UTC] PHP   3. mysql_query() /home/ubuntu/workspace/api/access_token.php:6
[11-May-2017 19:53:56 UTC] PHP Warning:  include(db.php): failed to open stream: No such file or directory in /home/ubuntu/workspace/api/access_token.php on line 5
[11-May-2017 19:53:56 UTC] PHP Stack trace:
[11-May-2017 19:53:56 UTC] PHP   1. {main}() /home/ubuntu/workspace/api/get_user.php:0
[11-May-2017 19:53:56 UTC] PHP   2. access_token_check() /home/ubuntu/workspace/api/get_user.php:7
[11-May-2017 19:53:56 UTC] PHP Warning:  include(): Failed opening 'db.php' for inclusion (include_path='.:/usr/share/php:/usr/share/pear') in /home/ubuntu/workspace/api/access_token.php on line 5
[11-May-2017 19:53:56 UTC] PHP Stack trace:
[11-May-2017 19:53:56 UTC] PHP   1. {main}() /home/ubuntu/workspace/api/get_user.php:0
[11-May-2017 19:53:56 UTC] PHP   2. access_token_check() /home/ubuntu/workspace/api/get_user.php:7
[11-May-2017 19:53:56 UTC] PHP Warning:  mysql_query() expects parameter 2 to be resource, null given in /home/ubuntu/workspace/api/access_token.php on line 6
[11-May-2017 19:53:56 UTC] PHP Stack trace:
[11-May-2017 19:53:56 UTC] PHP   1. {main}() /home/ubuntu/workspace/api/get_user.php:0
[11-May-2017 19:53:56 UTC] PHP   2. access_token_check() /home/ubuntu/workspace/api/get_user.php:7
[11-May-2017 19:53:56 UTC] PHP   3. mysql_query() /home/ubuntu/workspace/api/access_token.php:6
[11-May-2017 19:53:57 UTC] PHP Warning:  include(db.php): failed to open stream: No such file or directory in /home/ubuntu/workspace/api/access_token.php on line 5
[11-May-2017 19:53:57 UTC] PHP Stack trace:
[11-May-2017 19:53:57 UTC] PHP   1. {main}() /home/ubuntu/workspace/api/get_user.php:0
[11-May-2017 19:53:57 UTC] PHP   2. access_token_check() /home/ubuntu/workspace/api/get_user.php:7
[11-May-2017 19:53:57 UTC] PHP Warning:  include(): Failed opening 'db.php' for inclusion (include_path='.:/usr/share/php:/usr/share/pear') in /home/ubuntu/workspace/api/access_token.php on line 5
[11-May-2017 19:53:57 UTC] PHP Stack trace:
[11-May-2017 19:53:57 UTC] PHP   1. {main}() /home/ubuntu/workspace/api/get_user.php:0
[11-May-2017 19:53:57 UTC] PHP   2. access_token_check() /home/ubuntu/workspace/api/get_user.php:7
[11-May-2017 19:53:57 UTC] PHP Warning:  mysql_query() expects parameter 2 to be resource, null given in /home/ubuntu/workspace/api/access_token.php on line 6
[11-May-2017 19:53:57 UTC] PHP Stack trace:
[11-May-2017 19:53:57 UTC] PHP   1. {main}() /home/ubuntu/workspace/api/get_user.php:0
[11-May-2017 19:53:57 UTC] PHP   2. access_token_check() /home/ubuntu/workspace/api/get_user.php:7
[11-May-2017 19:53:57 UTC] PHP   3. mysql_query() /home/ubuntu/workspace/api/access_token.php:6
[11-May-2017 19:53:57 UTC] PHP Warning:  include(db.php): failed to open stream: No such file or directory in /home/ubuntu/workspace/api/access_token.php on line 5
[11-May-2017 19:53:57 UTC] PHP Stack trace:
[11-May-2017 19:53:57 UTC] PHP   1. {main}() /home/ubuntu/workspace/api/get_user.php:0
[11-May-2017 19:53:57 UTC] PHP   2. access_token_check() /home/ubuntu/workspace/api/get_user.php:7
[11-May-2017 19:53:57 UTC] PHP Warning:  include(): Failed opening 'db.php' for inclusion (include_path='.:/usr/share/php:/usr/share/pear') in /home/ubuntu/workspace/api/access_token.php on line 5
[11-May-2017 19:53:57 UTC] PHP Stack trace:
[11-May-2017 19:53:57 UTC] PHP   1. {main}() /home/ubuntu/workspace/api/get_user.php:0
[11-May-2017 19:53:57 UTC] PHP   2. access_token_check() /home/ubuntu/workspace/api/get_user.php:7
[11-May-2017 19:53:57 UTC] PHP Warning:  mysql_query() expects parameter 2 to be resource, null given in /home/ubuntu/workspace/api/access_token.php on line 6
[11-May-2017 19:53:57 UTC] PHP Stack trace:
[11-May-2017 19:53:57 UTC] PHP   1. {main}() /home/ubuntu/workspace/api/get_user.php:0
[11-May-2017 19:53:57 UTC] PHP   2. access_token_check() /home/ubuntu/workspace/api/get_user.php:7
[11-May-2017 19:53:57 UTC] PHP   3. mysql_query() /home/ubuntu/workspace/api/access_token.php:6
[11-May-2017 19:53:57 UTC] PHP Warning:  include(db.php): failed to open stream: No such file or directory in /home/ubuntu/workspace/api/access_token.php on line 5
[11-May-2017 19:53:57 UTC] PHP Stack trace:
[11-May-2017 19:53:57 UTC] PHP   1. {main}() /home/ubuntu/workspace/api/get_user.php:0
[11-May-2017 19:53:57 UTC] PHP   2. access_token_check() /home/ubuntu/workspace/api/get_user.php:7
[11-May-2017 19:53:57 UTC] PHP Warning:  include(): Failed opening 'db.php' for inclusion (include_path='.:/usr/share/php:/usr/share/pear') in /home/ubuntu/workspace/api/access_token.php on line 5
[11-May-2017 19:53:57 UTC] PHP Stack trace:
[11-May-2017 19:53:57 UTC] PHP   1. {main}() /home/ubuntu/workspace/api/get_user.php:0
[11-May-2017 19:53:57 UTC] PHP   2. access_token_check() /home/ubuntu/workspace/api/get_user.php:7
[11-May-2017 19:53:57 UTC] PHP Warning:  mysql_query() expects parameter 2 to be resource, null given in /home/ubuntu/workspace/api/access_token.php on line 6
[11-May-2017 19:53:57 UTC] PHP Stack trace:
[11-May-2017 19:53:57 UTC] PHP   1. {main}() /home/ubuntu/workspace/api/get_user.php:0
[11-May-2017 19:53:57 UTC] PHP   2. access_token_check() /home/ubuntu/workspace/api/get_user.php:7
[11-May-2017 19:53:57 UTC] PHP   3. mysql_query() /home/ubuntu/workspace/api/access_token.php:6
[11-May-2017 19:53:57 UTC] PHP Warning:  include(db.php): failed to open stream: No such file or directory in /home/ubuntu/workspace/api/access_token.php on line 5
[11-May-2017 19:53:57 UTC] PHP Stack trace:
[11-May-2017 19:53:57 UTC] PHP   1. {main}() /home/ubuntu/workspace/api/get_user.php:0
[11-May-2017 19:53:57 UTC] PHP   2. access_token_check() /home/ubuntu/workspace/api/get_user.php:7
[11-May-2017 19:53:57 UTC] PHP Warning:  include(): Failed opening 'db.php' for inclusion (include_path='.:/usr/share/php:/usr/share/pear') in /home/ubuntu/workspace/api/access_token.php on line 5
[11-May-2017 19:53:57 UTC] PHP Stack trace:
[11-May-2017 19:53:57 UTC] PHP   1. {main}() /home/ubuntu/workspace/api/get_user.php:0
[11-May-2017 19:53:57 UTC] PHP   2. access_token_check() /home/ubuntu/workspace/api/get_user.php:7
[11-May-2017 19:53:57 UTC] PHP Warning:  mysql_query() expects parameter 2 to be resource, null given in /home/ubuntu/workspace/api/access_token.php on line 6
[11-May-2017 19:53:57 UTC] PHP Stack trace:
[11-May-2017 19:53:57 UTC] PHP   1. {main}() /home/ubuntu/workspace/api/get_user.php:0
[11-May-2017 19:53:57 UTC] PHP   2. access_token_check() /home/ubuntu/workspace/api/get_user.php:7
[11-May-2017 19:53:57 UTC] PHP   3. mysql_query() /home/ubuntu/workspace/api/access_token.php:6
[11-May-2017 19:53:58 UTC] PHP Warning:  include(db.php): failed to open stream: No such file or directory in /home/ubuntu/workspace/api/access_token.php on line 5
[11-May-2017 19:53:58 UTC] PHP Stack trace:
[11-May-2017 19:53:58 UTC] PHP   1. {main}() /home/ubuntu/workspace/api/get_user.php:0
[11-May-2017 19:53:58 UTC] PHP   2. access_token_check() /home/ubuntu/workspace/api/get_user.php:7
[11-May-2017 19:53:58 UTC] PHP Warning:  include(): Failed opening 'db.php' for inclusion (include_path='.:/usr/share/php:/usr/share/pear') in /home/ubuntu/workspace/api/access_token.php on line 5
[11-May-2017 19:53:58 UTC] PHP Stack trace:
[11-May-2017 19:53:58 UTC] PHP   1. {main}() /home/ubuntu/workspace/api/get_user.php:0
[11-May-2017 19:53:58 UTC] PHP   2. access_token_check() /home/ubuntu/workspace/api/get_user.php:7
[11-May-2017 19:53:58 UTC] PHP Warning:  mysql_query() expects parameter 2 to be resource, null given in /home/ubuntu/workspace/api/access_token.php on line 6
[11-May-2017 19:53:58 UTC] PHP Stack trace:
[11-May-2017 19:53:58 UTC] PHP   1. {main}() /home/ubuntu/workspace/api/get_user.php:0
[11-May-2017 19:53:58 UTC] PHP   2. access_token_check() /home/ubuntu/workspace/api/get_user.php:7
[11-May-2017 19:53:58 UTC] PHP   3. mysql_query() /home/ubuntu/workspace/api/access_token.php:6
[11-May-2017 19:53:58 UTC] PHP Warning:  include(db.php): failed to open stream: No such file or directory in /home/ubuntu/workspace/api/access_token.php on line 5
[11-May-2017 19:53:58 UTC] PHP Stack trace:
[11-May-2017 19:53:58 UTC] PHP   1. {main}() /home/ubuntu/workspace/api/get_user.php:0
[11-May-2017 19:53:58 UTC] PHP   2. access_token_check() /home/ubuntu/workspace/api/get_user.php:7
[11-May-2017 19:53:58 UTC] PHP Warning:  include(): Failed opening 'db.php' for inclusion (include_path='.:/usr/share/php:/usr/share/pear') in /home/ubuntu/workspace/api/access_token.php on line 5
[11-May-2017 19:53:58 UTC] PHP Stack trace:
[11-May-2017 19:53:58 UTC] PHP   1. {main}() /home/ubuntu/workspace/api/get_user.php:0
[11-May-2017 19:53:58 UTC] PHP   2. access_token_check() /home/ubuntu/workspace/api/get_user.php:7
[11-May-2017 19:53:58 UTC] PHP Warning:  mysql_query() expects parameter 2 to be resource, null given in /home/ubuntu/workspace/api/access_token.php on line 6
[11-May-2017 19:53:58 UTC] PHP Stack trace:
[11-May-2017 19:53:58 UTC] PHP   1. {main}() /home/ubuntu/workspace/api/get_user.php:0
[11-May-2017 19:53:58 UTC] PHP   2. access_token_check() /home/ubuntu/workspace/api/get_user.php:7
[11-May-2017 19:53:58 UTC] PHP   3. mysql_query() /home/ubuntu/workspace/api/access_token.php:6
[11-May-2017 19:53:58 UTC] PHP Warning:  include(db.php): failed to open stream: No such file or directory in /home/ubuntu/workspace/api/access_token.php on line 5
[11-May-2017 19:53:58 UTC] PHP Stack trace:
[11-May-2017 19:53:58 UTC] PHP   1. {main}() /home/ubuntu/workspace/api/get_user.php:0
[11-May-2017 19:53:58 UTC] PHP   2. access_token_check() /home/ubuntu/workspace/api/get_user.php:7
[11-May-2017 19:53:58 UTC] PHP Warning:  include(): Failed opening 'db.php' for inclusion (include_path='.:/usr/share/php:/usr/share/pear') in /home/ubuntu/workspace/api/access_token.php on line 5
[11-May-2017 19:53:58 UTC] PHP Stack trace:
[11-May-2017 19:53:58 UTC] PHP   1. {main}() /home/ubuntu/workspace/api/get_user.php:0
[11-May-2017 19:53:58 UTC] PHP   2. access_token_check() /home/ubuntu/workspace/api/get_user.php:7
[11-May-2017 19:53:58 UTC] PHP Warning:  mysql_query() expects parameter 2 to be resource, null given in /home/ubuntu/workspace/api/access_token.php on line 6
[11-May-2017 19:53:58 UTC] PHP Stack trace:
[11-May-2017 19:53:58 UTC] PHP   1. {main}() /home/ubuntu/workspace/api/get_user.php:0
[11-May-2017 19:53:58 UTC] PHP   2. access_token_check() /home/ubuntu/workspace/api/get_user.php:7
[11-May-2017 19:53:58 UTC] PHP   3. mysql_query() /home/ubuntu/workspace/api/access_token.php:6
[11-May-2017 19:53:58 UTC] PHP Warning:  include(db.php): failed to open stream: No such file or directory in /home/ubuntu/workspace/api/access_token.php on line 5
[11-May-2017 19:53:58 UTC] PHP Stack trace:
[11-May-2017 19:53:58 UTC] PHP   1. {main}() /home/ubuntu/workspace/api/get_user.php:0
[11-May-2017 19:53:58 UTC] PHP   2. access_token_check() /home/ubuntu/workspace/api/get_user.php:7
[11-May-2017 19:53:58 UTC] PHP Warning:  include(): Failed opening 'db.php' for inclusion (include_path='.:/usr/share/php:/usr/share/pear') in /home/ubuntu/workspace/api/access_token.php on line 5
[11-May-2017 19:53:58 UTC] PHP Stack trace:
[11-May-2017 19:53:58 UTC] PHP   1. {main}() /home/ubuntu/workspace/api/get_user.php:0
[11-May-2017 19:53:58 UTC] PHP   2. access_token_check() /home/ubuntu/workspace/api/get_user.php:7
[11-May-2017 19:53:58 UTC] PHP Warning:  mysql_query() expects parameter 2 to be resource, null given in /home/ubuntu/workspace/api/access_token.php on line 6
[11-May-2017 19:53:58 UTC] PHP Stack trace:
[11-May-2017 19:53:58 UTC] PHP   1. {main}() /home/ubuntu/workspace/api/get_user.php:0
[11-May-2017 19:53:58 UTC] PHP   2. access_token_check() /home/ubuntu/workspace/api/get_user.php:7
[11-May-2017 19:53:58 UTC] PHP   3. mysql_query() /home/ubuntu/workspace/api/access_token.php:6
[11-May-2017 19:53:58 UTC] PHP Warning:  include(db.php): failed to open stream: No such file or directory in /home/ubuntu/workspace/api/access_token.php on line 5
[11-May-2017 19:53:58 UTC] PHP Stack trace:
[11-May-2017 19:53:58 UTC] PHP   1. {main}() /home/ubuntu/workspace/api/get_user.php:0
[11-May-2017 19:53:58 UTC] PHP   2. access_token_check() /home/ubuntu/workspace/api/get_user.php:7
[11-May-2017 19:53:58 UTC] PHP Warning:  include(): Failed opening 'db.php' for inclusion (include_path='.:/usr/share/php:/usr/share/pear') in /home/ubuntu/workspace/api/access_token.php on line 5
[11-May-2017 19:53:58 UTC] PHP Stack trace:
[11-May-2017 19:53:58 UTC] PHP   1. {main}() /home/ubuntu/workspace/api/get_user.php:0
[11-May-2017 19:53:58 UTC] PHP   2. access_token_check() /home/ubuntu/workspace/api/get_user.php:7
[11-May-2017 19:53:58 UTC] PHP Warning:  mysql_query() expects parameter 2 to be resource, null given in /home/ubuntu/workspace/api/access_token.php on line 6
[11-May-2017 19:53:58 UTC] PHP Stack trace:
[11-May-2017 19:53:58 UTC] PHP   1. {main}() /home/ubuntu/workspace/api/get_user.php:0
[11-May-2017 19:53:58 UTC] PHP   2. access_token_check() /home/ubuntu/workspace/api/get_user.php:7
[11-May-2017 19:53:58 UTC] PHP   3. mysql_query() /home/ubuntu/workspace/api/access_token.php:6
[11-May-2017 19:53:59 UTC] PHP Warning:  include(db.php): failed to open stream: No such file or directory in /home/ubuntu/workspace/api/access_token.php on line 5
[11-May-2017 19:53:59 UTC] PHP Stack trace:
[11-May-2017 19:53:59 UTC] PHP   1. {main}() /home/ubuntu/workspace/api/get_user.php:0
[11-May-2017 19:53:59 UTC] PHP   2. access_token_check() /home/ubuntu/workspace/api/get_user.php:7
[11-May-2017 19:53:59 UTC] PHP Warning:  include(): Failed opening 'db.php' for inclusion (include_path='.:/usr/share/php:/usr/share/pear') in /home/ubuntu/workspace/api/access_token.php on line 5
[11-May-2017 19:53:59 UTC] PHP Stack trace:
[11-May-2017 19:53:59 UTC] PHP   1. {main}() /home/ubuntu/workspace/api/get_user.php:0
[11-May-2017 19:53:59 UTC] PHP   2. access_token_check() /home/ubuntu/workspace/api/get_user.php:7
[11-May-2017 19:53:59 UTC] PHP Warning:  mysql_query() expects parameter 2 to be resource, null given in /home/ubuntu/workspace/api/access_token.php on line 6
[11-May-2017 19:53:59 UTC] PHP Stack trace:
[11-May-2017 19:53:59 UTC] PHP   1. {main}() /home/ubuntu/workspace/api/get_user.php:0
[11-May-2017 19:53:59 UTC] PHP   2. access_token_check() /home/ubuntu/workspace/api/get_user.php:7
[11-May-2017 19:53:59 UTC] PHP   3. mysql_query() /home/ubuntu/workspace/api/access_token.php:6
[11-May-2017 19:53:59 UTC] PHP Warning:  include(db.php): failed to open stream: No such file or directory in /home/ubuntu/workspace/api/access_token.php on line 5
[11-May-2017 19:53:59 UTC] PHP Stack trace:
[11-May-2017 19:53:59 UTC] PHP   1. {main}() /home/ubuntu/workspace/api/get_user.php:0
[11-May-2017 19:53:59 UTC] PHP   2. access_token_check() /home/ubuntu/workspace/api/get_user.php:7
[11-May-2017 19:53:59 UTC] PHP Warning:  include(): Failed opening 'db.php' for inclusion (include_path='.:/usr/share/php:/usr/share/pear') in /home/ubuntu/workspace/api/access_token.php on line 5
[11-May-2017 19:53:59 UTC] PHP Stack trace:
[11-May-2017 19:53:59 UTC] PHP   1. {main}() /home/ubuntu/workspace/api/get_user.php:0
[11-May-2017 19:53:59 UTC] PHP   2. access_token_check() /home/ubuntu/workspace/api/get_user.php:7
[11-May-2017 19:53:59 UTC] PHP Warning:  mysql_query() expects parameter 2 to be resource, null given in /home/ubuntu/workspace/api/access_token.php on line 6
[11-May-2017 19:53:59 UTC] PHP Stack trace:
[11-May-2017 19:53:59 UTC] PHP   1. {main}() /home/ubuntu/workspace/api/get_user.php:0
[11-May-2017 19:53:59 UTC] PHP   2. access_token_check() /home/ubuntu/workspace/api/get_user.php:7
[11-May-2017 19:53:59 UTC] PHP   3. mysql_query() /home/ubuntu/workspace/api/access_token.php:6
[11-May-2017 19:53:59 UTC] PHP Warning:  include(db.php): failed to open stream: No such file or directory in /home/ubuntu/workspace/api/access_token.php on line 5
[11-May-2017 19:53:59 UTC] PHP Stack trace:
[11-May-2017 19:53:59 UTC] PHP   1. {main}() /home/ubuntu/workspace/api/get_user.php:0
[11-May-2017 19:53:59 UTC] PHP   2. access_token_check() /home/ubuntu/workspace/api/get_user.php:7
[11-May-2017 19:53:59 UTC] PHP Warning:  include(): Failed opening 'db.php' for inclusion (include_path='.:/usr/share/php:/usr/share/pear') in /home/ubuntu/workspace/api/access_token.php on line 5
[11-May-2017 19:53:59 UTC] PHP Stack trace:
[11-May-2017 19:53:59 UTC] PHP   1. {main}() /home/ubuntu/workspace/api/get_user.php:0
[11-May-2017 19:53:59 UTC] PHP   2. access_token_check() /home/ubuntu/workspace/api/get_user.php:7
[11-May-2017 19:53:59 UTC] PHP Warning:  mysql_query() expects parameter 2 to be resource, null given in /home/ubuntu/workspace/api/access_token.php on line 6
[11-May-2017 19:53:59 UTC] PHP Stack trace:
[11-May-2017 19:53:59 UTC] PHP   1. {main}() /home/ubuntu/workspace/api/get_user.php:0
[11-May-2017 19:53:59 UTC] PHP   2. access_token_check() /home/ubuntu/workspace/api/get_user.php:7
[11-May-2017 19:53:59 UTC] PHP   3. mysql_query() /home/ubuntu/workspace/api/access_token.php:6
[11-May-2017 19:53:59 UTC] PHP Warning:  include(db.php): failed to open stream: No such file or directory in /home/ubuntu/workspace/api/access_token.php on line 5
[11-May-2017 19:53:59 UTC] PHP Stack trace:
[11-May-2017 19:53:59 UTC] PHP   1. {main}() /home/ubuntu/workspace/api/get_user.php:0
[11-May-2017 19:53:59 UTC] PHP   2. access_token_check() /home/ubuntu/workspace/api/get_user.php:7
[11-May-2017 19:53:59 UTC] PHP Warning:  include(): Failed opening 'db.php' for inclusion (include_path='.:/usr/share/php:/usr/share/pear') in /home/ubuntu/workspace/api/access_token.php on line 5
[11-May-2017 19:53:59 UTC] PHP Stack trace:
[11-May-2017 19:53:59 UTC] PHP   1. {main}() /home/ubuntu/workspace/api/get_user.php:0
[11-May-2017 19:53:59 UTC] PHP   2. access_token_check() /home/ubuntu/workspace/api/get_user.php:7
[11-May-2017 19:53:59 UTC] PHP Warning:  mysql_query() expects parameter 2 to be resource, null given in /home/ubuntu/workspace/api/access_token.php on line 6
[11-May-2017 19:53:59 UTC] PHP Stack trace:
[11-May-2017 19:53:59 UTC] PHP   1. {main}() /home/ubuntu/workspace/api/get_user.php:0
[11-May-2017 19:53:59 UTC] PHP   2. access_token_check() /home/ubuntu/workspace/api/get_user.php:7
[11-May-2017 19:53:59 UTC] PHP   3. mysql_query() /home/ubuntu/workspace/api/access_token.php:6
[11-May-2017 19:53:59 UTC] PHP Warning:  include(db.php): failed to open stream: No such file or directory in /home/ubuntu/workspace/api/access_token.php on line 5
[11-May-2017 19:53:59 UTC] PHP Stack trace:
[11-May-2017 19:53:59 UTC] PHP   1. {main}() /home/ubuntu/workspace/api/get_user.php:0
[11-May-2017 19:53:59 UTC] PHP   2. access_token_check() /home/ubuntu/workspace/api/get_user.php:7
[11-May-2017 19:53:59 UTC] PHP Warning:  include(): Failed opening 'db.php' for inclusion (include_path='.:/usr/share/php:/usr/share/pear') in /home/ubuntu/workspace/api/access_token.php on line 5
[11-May-2017 19:53:59 UTC] PHP Stack trace:
[11-May-2017 19:53:59 UTC] PHP   1. {main}() /home/ubuntu/workspace/api/get_user.php:0
[11-May-2017 19:53:59 UTC] PHP   2. access_token_check() /home/ubuntu/workspace/api/get_user.php:7
[11-May-2017 19:53:59 UTC] PHP Warning:  mysql_query() expects parameter 2 to be resource, null given in /home/ubuntu/workspace/api/access_token.php on line 6
[11-May-2017 19:53:59 UTC] PHP Stack trace:
[11-May-2017 19:53:59 UTC] PHP   1. {main}() /home/ubuntu/workspace/api/get_user.php:0
[11-May-2017 19:53:59 UTC] PHP   2. access_token_check() /home/ubuntu/workspace/api/get_user.php:7
[11-May-2017 19:53:59 UTC] PHP   3. mysql_query() /home/ubuntu/workspace/api/access_token.php:6
[11-May-2017 19:54:00 UTC] PHP Warning:  include(db.php): failed to open stream: No such file or directory in /home/ubuntu/workspace/api/access_token.php on line 5
[11-May-2017 19:54:00 UTC] PHP Stack trace:
[11-May-2017 19:54:00 UTC] PHP   1. {main}() /home/ubuntu/workspace/api/get_user.php:0
[11-May-2017 19:54:00 UTC] PHP   2. access_token_check() /home/ubuntu/workspace/api/get_user.php:7
[11-May-2017 19:54:00 UTC] PHP Warning:  include(): Failed opening 'db.php' for inclusion (include_path='.:/usr/share/php:/usr/share/pear') in /home/ubuntu/workspace/api/access_token.php on line 5
[11-May-2017 19:54:00 UTC] PHP Stack trace:
[11-May-2017 19:54:00 UTC] PHP   1. {main}() /home/ubuntu/workspace/api/get_user.php:0
[11-May-2017 19:54:00 UTC] PHP   2. access_token_check() /home/ubuntu/workspace/api/get_user.php:7
[11-May-2017 19:54:00 UTC] PHP Warning:  mysql_query() expects parameter 2 to be resource, null given in /home/ubuntu/workspace/api/access_token.php on line 6
[11-May-2017 19:54:00 UTC] PHP Stack trace:
[11-May-2017 19:54:00 UTC] PHP   1. {main}() /home/ubuntu/workspace/api/get_user.php:0
[11-May-2017 19:54:00 UTC] PHP   2. access_token_check() /home/ubuntu/workspace/api/get_user.php:7
[11-May-2017 19:54:00 UTC] PHP   3. mysql_query() /home/ubuntu/workspace/api/access_token.php:6
[11-May-2017 19:54:00 UTC] PHP Warning:  include(db.php): failed to open stream: No such file or directory in /home/ubuntu/workspace/api/access_token.php on line 5
[11-May-2017 19:54:00 UTC] PHP Stack trace:
[11-May-2017 19:54:00 UTC] PHP   1. {main}() /home/ubuntu/workspace/api/get_user.php:0
[11-May-2017 19:54:00 UTC] PHP   2. access_token_check() /home/ubuntu/workspace/api/get_user.php:7
[11-May-2017 19:54:00 UTC] PHP Warning:  include(): Failed opening 'db.php' for inclusion (include_path='.:/usr/share/php:/usr/share/pear') in /home/ubuntu/workspace/api/access_token.php on line 5
[11-May-2017 19:54:00 UTC] PHP Stack trace:
[11-May-2017 19:54:00 UTC] PHP   1. {main}() /home/ubuntu/workspace/api/get_user.php:0
[11-May-2017 19:54:00 UTC] PHP   2. access_token_check() /home/ubuntu/workspace/api/get_user.php:7
[11-May-2017 19:54:00 UTC] PHP Warning:  mysql_query() expects parameter 2 to be resource, null given in /home/ubuntu/workspace/api/access_token.php on line 6
[11-May-2017 19:54:00 UTC] PHP Stack trace:
[11-May-2017 19:54:00 UTC] PHP   1. {main}() /home/ubuntu/workspace/api/get_user.php:0
[11-May-2017 19:54:00 UTC] PHP   2. access_token_check() /home/ubuntu/workspace/api/get_user.php:7
[11-May-2017 19:54:00 UTC] PHP   3. mysql_query() /home/ubuntu/workspace/api/access_token.php:6
[11-May-2017 19:54:01 UTC] PHP Warning:  include(db.php): failed to open stream: No such file or directory in /home/ubuntu/workspace/api/access_token.php on line 5
[11-May-2017 19:54:01 UTC] PHP Stack trace:
[11-May-2017 19:54:01 UTC] PHP   1. {main}() /home/ubuntu/workspace/api/get_user.php:0
[11-May-2017 19:54:01 UTC] PHP   2. access_token_check() /home/ubuntu/workspace/api/get_user.php:7
[11-May-2017 19:54:01 UTC] PHP Warning:  include(): Failed opening 'db.php' for inclusion (include_path='.:/usr/share/php:/usr/share/pear') in /home/ubuntu/workspace/api/access_token.php on line 5
[11-May-2017 19:54:01 UTC] PHP Stack trace:
[11-May-2017 19:54:01 UTC] PHP   1. {main}() /home/ubuntu/workspace/api/get_user.php:0
[11-May-2017 19:54:01 UTC] PHP   2. access_token_check() /home/ubuntu/workspace/api/get_user.php:7
[11-May-2017 19:54:01 UTC] PHP Warning:  mysql_query() expects parameter 2 to be resource, null given in /home/ubuntu/workspace/api/access_token.php on line 6
[11-May-2017 19:54:01 UTC] PHP Stack trace:
[11-May-2017 19:54:01 UTC] PHP   1. {main}() /home/ubuntu/workspace/api/get_user.php:0
[11-May-2017 19:54:01 UTC] PHP   2. access_token_check() /home/ubuntu/workspace/api/get_user.php:7
[11-May-2017 19:54:01 UTC] PHP   3. mysql_query() /home/ubuntu/workspace/api/access_token.php:6
[11-May-2017 19:58:09 UTC] PHP Parse error:  syntax error, unexpected 'if' (T_IF) in /home/ubuntu/workspace/api/get_user.php on line 8
